<?xml version="1.0" encoding="UTF-8"?>
<testsuite name="com.example.demo.CalculatorServiceTest" tests="1" skipped="0" failures="0" errors="0" timestamp="2024-02-02T22:05:06" hostname="merit" time="0.018">
  <properties/>
  <testcase name="testAdd()" classname="com.example.demo.CalculatorServiceTest" time="0.018"/>
  <system-out><![CDATA[]]></system-out>
  <system-err><![CDATA[]]></system-err>
</testsuite>
